<?xml version="1.0" encoding="UTF-8"?>
<!-- Generated by org.testng.reporters.JUnitReportReporter -->
<testsuite hostname="LAPTOP-PFIONNJC" failures="0" tests="3" name="com.AutomationTalks.demoProject1.TestClass1" time="38.209" errors="0" timestamp="08 Oct 2020 17:21:00 GMT" skipped="0">
  <testcase classname="com.AutomationTalks.demoProject1.TestClass1" name="Test1" time="13.458"/>
  <testcase classname="com.AutomationTalks.demoProject1.TestClass1" name="Test3" time="13.666"/>
  <testcase classname="com.AutomationTalks.demoProject1.TestClass1" name="Test2" time="11.085"/>
</testsuite> <!-- com.AutomationTalks.demoProject1.TestClass1 -->
