<?xml version="1.0" encoding="UTF-8"?>
<!-- Generated by org.testng.reporters.JUnitReportReporter -->
<testsuite hostname="LAPTOP-PFIONNJC" failures="0" tests="3" name="com.AutomationTalks.demoProject1.TestClass1" time="42.028" errors="0" timestamp="08 Oct 2020 17:07:12 GMT" skipped="0">
  <testcase classname="com.AutomationTalks.demoProject1.TestClass1" name="Test1" time="15.328"/>
  <testcase classname="com.AutomationTalks.demoProject1.TestClass1" name="Test3" time="14.490"/>
  <testcase classname="com.AutomationTalks.demoProject1.TestClass1" name="Test2" time="12.210"/>
</testsuite> <!-- com.AutomationTalks.demoProject1.TestClass1 -->
